C51 COMPILER V9.00   MAIN                                                                  12/25/2020 18:41:16 PAGE 1   


C51 COMPILER V9.00, COMPILATION OF MODULE MAIN
OBJECT MODULE PLACED IN main.OBJ
COMPILER INVOKED BY: D:\keil\C51\BIN\C51.EXE main.c BROWSE DEBUG OBJECTEXTEND

line level    source

   1          #include <reg52.h>
   2          #include "stdio.h"
   3          #include "Serial.h"
   4          #include "StepMotor.h"
   5          #include "mpu6050.h"
*** WARNING C280 IN LINE 271 OF MPU6050.H: 'i': unreferenced local variable
   6          #define pi 3.14159
   7          
   8          void main()
   9          {
  10   1          int x,y,z;
  11   1          // while(1)
  12   1          // {
  13   1          delay(500);
  14   1              InitRs232();
  15   1          InitMPU6050();
  16   1      
  17   1          while(1){
  18   2          x = GetData(ACCEL_XOUT_H);
  19   2          y = GetData(ACCEL_YOUT_H);
  20   2          z = GetData(ACCEL_ZOUT_H);
  21   2          sendString(x);
  22   2              sendString(y);
  23   2              sendString(z);
  24   2          sendData(0x0d);
  25   2          sendData(0x0a);
  26   2          // tx = (atan((float)x/sqrt(fabs(y*y+z*z))));
  27   2          
  28   2      
  29   2          //omega = omega *4000/48;
  30   2          // sendData('A');
  31   2              // }
  32   2      //      omega /=10;
  33   2      //     if(omega>0)
  34   2      //     motorRun(0,omega,10);
  35   2      //     else
  36   2      //     motorRun(1,-omega,10);
  37   2      //    // mpu();
  38   2      //     delay(100);
  39   2          }
  40   1          
  41   1      }


MODULE INFORMATION:   STATIC OVERLAYABLE
   CODE SIZE        =   1151    ----
   CONSTANT SIZE    =     16    ----
   XDATA SIZE       =   ----    ----
   PDATA SIZE       =   ----    ----
   DATA SIZE        =      9      31
   IDATA SIZE       =   ----    ----
   BIT SIZE         =   ----       1
END OF MODULE INFORMATION.


C51 COMPILATION COMPLETE.  1 WARNING(S),  0 ERROR(S)
